<?xml version="1.0" encoding="UTF-8"?>
<testng-results ignored="0" total="6" passed="6" failed="0" skipped="0">
  <reporter-output>
  </reporter-output>
  <suite started-at="2020-05-19T13:35:53Z" name="Surefire suite" finished-at="2020-05-19T13:35:53Z" duration-ms="59">
    <groups>
    </groups>
    <test started-at="2020-05-19T13:35:53Z" name="Surefire test" finished-at="2020-05-19T13:35:53Z" duration-ms="59">
      <class name="qaclickacademy.Mavenjava.Sample1Test">
        <test-method signature="deletetwitter()[pri:0, instance:qaclickacademy.Mavenjava.Sample1Test@5891e32e]" started-at="2020-05-19T13:35:53Z" name="deletetwitter" finished-at="2020-05-19T13:35:53Z" duration-ms="12" status="PASS">
          <reporter-output>
          </reporter-output>
        </test-method> <!-- deletetwitter -->
        <test-method signature="postjira()[pri:0, instance:qaclickacademy.Mavenjava.Sample1Test@5891e32e]" started-at="2020-05-19T13:35:53Z" name="postjira" finished-at="2020-05-19T13:35:53Z" duration-ms="1" status="PASS">
          <reporter-output>
          </reporter-output>
        </test-method> <!-- postjira -->
      </class> <!-- qaclickacademy.Mavenjava.Sample1Test -->
      <class name="qaclickacademy.Mavenjava.Sample2Test">
        <test-method signature="Ios()[pri:0, instance:qaclickacademy.Mavenjava.Sample2Test@cb0ed20]" started-at="2020-05-19T13:35:53Z" name="Ios" finished-at="2020-05-19T13:35:53Z" duration-ms="1" status="PASS">
          <reporter-output>
          </reporter-output>
        </test-method> <!-- Ios -->
        <test-method signature="mobile()[pri:0, instance:qaclickacademy.Mavenjava.Sample2Test@cb0ed20]" started-at="2020-05-19T13:35:53Z" name="mobile" finished-at="2020-05-19T13:35:53Z" duration-ms="1" status="PASS">
          <reporter-output>
          </reporter-output>
        </test-method> <!-- mobile -->
      </class> <!-- qaclickacademy.Mavenjava.Sample2Test -->
      <class name="qaclickacademy.Mavenjava.SampleTest">
        <test-method signature="browser()[pri:0, instance:qaclickacademy.Mavenjava.SampleTest@8e24743]" started-at="2020-05-19T13:35:53Z" name="browser" finished-at="2020-05-19T13:35:53Z" duration-ms="0" status="PASS">
          <reporter-output>
          </reporter-output>
        </test-method> <!-- browser -->
        <test-method signature="elementui()[pri:0, instance:qaclickacademy.Mavenjava.SampleTest@8e24743]" started-at="2020-05-19T13:35:53Z" name="elementui" finished-at="2020-05-19T13:35:53Z" duration-ms="1" status="PASS">
          <reporter-output>
          </reporter-output>
        </test-method> <!-- elementui -->
      </class> <!-- qaclickacademy.Mavenjava.SampleTest -->
    </test> <!-- Surefire test -->
  </suite> <!-- Surefire suite -->
</testng-results>
