<?xml version="1.0" encoding="UTF-8"?>
<!-- Generated by org.testng.reporters.JUnitXMLReporter -->
<testsuite ignored="0" hostname="WINDOWS-15I290J" failures="0" tests="6" name="Surefire test" time="0.059" errors="0" timestamp="19 May 2020 13:35:53 GMT">
  <testcase classname="qaclickacademy.Mavenjava.Sample1Test" name="deletetwitter" time="0.012"/>
  <testcase classname="qaclickacademy.Mavenjava.Sample1Test" name="postjira" time="0.001"/>
  <testcase classname="qaclickacademy.Mavenjava.Sample2Test" name="Ios" time="0.001"/>
  <testcase classname="qaclickacademy.Mavenjava.Sample2Test" name="mobile" time="0.001"/>
  <testcase classname="qaclickacademy.Mavenjava.SampleTest" name="browser" time="0.0"/>
  <testcase classname="qaclickacademy.Mavenjava.SampleTest" name="elementui" time="0.001"/>
</testsuite> <!-- Surefire test -->
